# JRE version: Java(TM) SE Runtime Environment (8.0_191-b12) (build 1.8.0_191-b12)
# Java VM: Java HotSpot(TM) Client VM (25.191-b12 mixed mode windows-x86 )
Heap:
 def new generation   total 26752K, used 26186K [0x03e00000, 0x05b00000, 0x09350000)
  eden space 23808K,  98% used [0x03e00000, 0x054cae60, 0x05540000)
  from space 2944K,  96% used [0x05820000, 0x05ae7d30, 0x05b00000)
  to   space 2944K,   0% used [0x05540000, 0x05540000, 0x05820000)
 tenured generation   total 59340K, used 36807K [0x09350000, 0x0cd43000, 0x13e00000)
   the space 59340K,  62% used [0x09350000, 0x0b741f08, 0x0b742000, 0x0cd43000)
 Metaspace       used 45144K, capacity 46970K, committed 46976K, reserved 48512K
GC Heap History (10 events):
Event: 1655.177 GC heap before
{Heap before GC invocations=260 (full 22):
 def new generation   total 26752K, used 23808K [0x03e00000, 0x05b00000, 0x09350000)
  eden space 23808K, 100% used [0x03e00000, 0x05540000, 0x05540000)
  from space 2944K,   0% used [0x05540000, 0x05540000, 0x05820000)
  to   space 2944K,   0% used [0x05820000, 0x05820000, 0x05b00000)
 tenured generation   total 59340K, used 35493K [0x09350000, 0x0cd43000, 0x13e00000)
   the space 59340K,  59% used [0x09350000, 0x0b5f9660, 0x0b5f9800, 0x0cd43000)
 Metaspace       used 44945K, capacity 46721K, committed 46848K, reserved 47488K
Event: 1655.188 GC heap after
Heap after GC invocations=261 (full 22):
 def new generation   total 26752K, used 1019K [0x03e00000, 0x05b00000, 0x09350000)
  eden space 23808K,   0% used [0x03e00000, 0x03e00000, 0x05540000)
  from space 2944K,  34% used [0x05820000, 0x0591ecd8, 0x05b00000)
  to   space 2944K,   0% used [0x05540000, 0x05540000, 0x05820000)
 tenured generation   total 59340K, used 35493K [0x09350000, 0x0cd43000, 0x13e00000)
   the space 59340K,  59% used [0x09350000, 0x0b5f9660, 0x0b5f9800, 0x0cd43000)
 Metaspace       used 44945K, capacity 46721K, committed 46848K, reserved 47488K
}
Event: 1655.824 GC heap before
{Heap before GC invocations=261 (full 22):
 def new generation   total 26752K, used 24827K [0x03e00000, 0x05b00000, 0x09350000)
  eden space 23808K, 100% used [0x03e00000, 0x05540000, 0x05540000)
  from space 2944K,  34% used [0x05820000, 0x0591ecd8, 0x05b00000)
  to   space 2944K,   0% used [0x05540000, 0x05540000, 0x05820000)
 tenured generation   total 59340K, used 35493K [0x09350000, 0x0cd43000, 0x13e00000)
   the space 59340K,  59% used [0x09350000, 0x0b5f9660, 0x0b5f9800, 0x0cd43000)
 Metaspace       used 44947K, capacity 46723K, committed 46848K, reserved 47488K
Event: 1655.838 GC heap after
Heap after GC invocations=262 (full 22):
 def new generation   total 26752K, used 1781K [0x03e00000, 0x05b00000, 0x09350000)
  eden space 23808K,   0% used [0x03e00000, 0x03e00000, 0x05540000)
  from space 2944K,  60% used [0x05540000, 0x056fd518, 0x05820000)
  to   space 2944K,   0% used [0x05820000, 0x05820000, 0x05b00000)
 tenured generation   total 59340K, used 35493K [0x09350000, 0x0cd43000, 0x13e00000)
   the space 59340K,  59% used [0x09350000, 0x0b5f9660, 0x0b5f9800, 0x0cd43000)
 Metaspace       used 44947K, capacity 46723K, committed 46848K, reserved 47488K
}
Event: 1656.527 GC heap before
{Heap before GC invocations=262 (full 22):
 def new generation   total 26752K, used 25577K [0x03e00000, 0x05b00000, 0x09350000)
  eden space 23808K,  99% used [0x03e00000, 0x0553cfc8, 0x05540000)
  from space 2944K,  60% used [0x05540000, 0x056fd518, 0x05820000)
  to   space 2944K,   0% used [0x05820000, 0x05820000, 0x05b00000)
 tenured generation   total 59340K, used 35493K [0x09350000, 0x0cd43000, 0x13e00000)
   the space 59340K,  59% used [0x09350000, 0x0b5f9660, 0x0b5f9800, 0x0cd43000)
 Metaspace       used 44995K, capacity 46802K, committed 46848K, reserved 47488K
Event: 1656.544 GC heap after
Heap after GC invocations=263 (full 22):
 def new generation   total 26752K, used 1695K [0x03e00000, 0x05b00000, 0x09350000)
  eden space 23808K,   0% used [0x03e00000, 0x03e00000, 0x05540000)
  from space 2944K,  57% used [0x05820000, 0x059c7c10, 0x05b00000)
  to   space 2944K,   0% used [0x05540000, 0x05540000, 0x05820000)
 tenured generation   total 59340K, used 36157K [0x09350000, 0x0cd43000, 0x13e00000)
   the space 59340K,  60% used [0x09350000, 0x0b69f530, 0x0b69f600, 0x0cd43000)
 Metaspace       used 44995K, capacity 46802K, committed 46848K, reserved 47488K
}
Event: 1656.722 GC heap before
{Heap before GC invocations=263 (full 22):
 def new generation   total 26752K, used 25503K [0x03e00000, 0x05b00000, 0x09350000)
  eden space 23808K, 100% used [0x03e00000, 0x05540000, 0x05540000)
  from space 2944K,  57% used [0x05820000, 0x059c7c10, 0x05b00000)
  to   space 2944K,   0% used [0x05540000, 0x05540000, 0x05820000)
 tenured generation   total 59340K, used 36157K [0x09350000, 0x0cd43000, 0x13e00000)
   the space 59340K,  60% used [0x09350000, 0x0b69f530, 0x0b69f600, 0x0cd43000)
 Metaspace       used 44997K, capacity 46805K, committed 46848K, reserved 47488K
Event: 1656.737 GC heap after
Heap after GC invocations=264 (full 22):
 def new generation   total 26752K, used 1119K [0x03e00000, 0x05b00000, 0x09350000)
  eden space 23808K,   0% used [0x03e00000, 0x03e00000, 0x05540000)
  from space 2944K,  38% used [0x05540000, 0x05657de0, 0x05820000)
  to   space 2944K,   0% used [0x05820000, 0x05820000, 0x05b00000)
 tenured generation   total 59340K, used 36807K [0x09350000, 0x0cd43000, 0x13e00000)
   the space 59340K,  62% used [0x09350000, 0x0b741f08, 0x0b742000, 0x0cd43000)
 Metaspace       used 44997K, capacity 46805K, committed 46848K, reserved 47488K
}
Event: 1658.145 GC heap before
{Heap before GC invocations=264 (full 22):
 def new generation   total 26752K, used 24927K [0x03e00000, 0x05b00000, 0x09350000)
  eden space 23808K, 100% used [0x03e00000, 0x05540000, 0x05540000)
  from space 2944K,  38% used [0x05540000, 0x05657de0, 0x05820000)
  to   space 2944K,   0% used [0x05820000, 0x05820000, 0x05b00000)
 tenured generation   total 59340K, used 36807K [0x09350000, 0x0cd43000, 0x13e00000)
   the space 59340K,  62% used [0x09350000, 0x0b741f08, 0x0b742000, 0x0cd43000)
 Metaspace       used 45076K, capacity 46874K, committed 46976K, reserved 48512K
Event: 1658.167 GC heap after
Heap after GC invocations=265 (full 22):
 def new generation   total 26752K, used 2847K [0x03e00000, 0x05b00000, 0x09350000)
  eden space 23808K,   0% used [0x03e00000, 0x03e00000, 0x05540000)
  from space 2944K,  96% used [0x05820000, 0x05ae7d30, 0x05b00000)
  to   space 2944K,   0% used [0x05540000, 0x05540000, 0x05820000)
 tenured generation   total 59340K, used 36807K [0x09350000, 0x0cd43000, 0x13e00000)
   the space 59340K,  62% used [0x09350000, 0x0b741f08, 0x0b742000, 0x0cd43000)
 Metaspace       used 45076K, capacity 46874K, committed 46976K, reserved 48512K
}

